<?xml version="1.0" encoding="UTF-8"?>
<!-- Generated by org.testng.reporters.JUnitReportReporter -->
<testsuite hostname="DESKTOP-5NNVCSS" failures="0" tests="1" name="TnPHR.TnPHR_API.AppTest" time="0.005" errors="0" timestamp="2022-09-16T12:59:47 IST" skipped="0">
  <testcase classname="TnPHR.TnPHR_API.AppTest" name="shouldAnswerWithTrue" time="0.005"/>
  <system-out/>
</testsuite> <!-- TnPHR.TnPHR_API.AppTest -->
